0 info it worked if it ends with ok
1 verbose cli [ '/Users/gaa9034/.nvm/versions/io.js/v1.0.4/bin/iojs',
1 verbose cli   '/Users/gaa9034/.nvm/versions/io.js/v1.0.4/bin/npm',
1 verbose cli   'run',
1 verbose cli   'dev' ]
2 info using npm@2.3.0
3 info using node@v1.0.4
4 verbose run-script [ 'predev', 'dev', 'postdev' ]
5 info predev msk-clinical-trials-interventions@1.0.0
6 info dev msk-clinical-trials-interventions@1.0.0
7 verbose unsafe-perm in lifecycle true
8 info msk-clinical-trials-interventions@1.0.0 Failed to exec dev script
9 verbose stack Error: msk-clinical-trials-interventions@1.0.0 dev: `webpack -wd`
9 verbose stack Exit status 1
9 verbose stack     at EventEmitter.<anonymous> (/Users/gaa9034/.nvm/versions/io.js/v1.0.4/lib/node_modules/npm/lib/utils/lifecycle.js:213:16)
9 verbose stack     at EventEmitter.emit (events.js:101:17)
9 verbose stack     at ChildProcess.<anonymous> (/Users/gaa9034/.nvm/versions/io.js/v1.0.4/lib/node_modules/npm/lib/utils/spawn.js:14:12)
9 verbose stack     at ChildProcess.emit (events.js:101:17)
9 verbose stack     at maybeClose (child_process.js:979:16)
9 verbose stack     at Process.ChildProcess._handle.onexit (child_process.js:1051:5)
10 verbose pkgid msk-clinical-trials-interventions@1.0.0
11 verbose cwd /Users/gaa9034/Personal/MSK
12 error Darwin 18.6.0
13 error argv "/Users/gaa9034/.nvm/versions/io.js/v1.0.4/bin/iojs" "/Users/gaa9034/.nvm/versions/io.js/v1.0.4/bin/npm" "run" "dev"
14 error node v1.0.4
15 error npm  v2.3.0
16 error code ELIFECYCLE
17 error msk-clinical-trials-interventions@1.0.0 dev: `webpack -wd`
17 error Exit status 1
18 error Failed at the msk-clinical-trials-interventions@1.0.0 dev script 'webpack -wd'.
18 error This is most likely a problem with the msk-clinical-trials-interventions package,
18 error not with npm itself.
18 error Tell the author that this fails on your system:
18 error     webpack -wd
18 error You can get their info via:
18 error     npm owner ls msk-clinical-trials-interventions
18 error There is likely additional logging output above.
19 verbose exit [ 1, true ]
